<?xml version="1.0" encoding="UTF-8"?>
<!-- Generated by org.testng.reporters.JUnitXMLReporter -->
<testsuite hostname="DESKTOP-648CC2F" ignored="3" name="Test" tests="3" failures="0" timestamp="02 Oct 2018 11:23:30 GMT" time="0.045" errors="0">
  <testcase name="Demo" time="0.009" classname="test.day1"/>
  <testcase name="day5" time="0.002" classname="test.day3"/>
  <testcase name="SecondFile" time="0.002" classname="test.day2"/>
  <testcase name="day2" time="0.0" classname="test.day1">
    <ignored/>
  </testcase> <!-- day2 -->
  <testcase name="Mobileday4" time="0.0" classname="test.day3">
    <ignored/>
  </testcase> <!-- Mobileday4 -->
  <testcase name="day6" time="0.0" classname="test.day3">
    <ignored/>
  </testcase> <!-- day6 -->
</testsuite> <!-- Test -->
