<?xml version="1.0" encoding="UTF-8"?>
<!-- Generated by org.testng.reporters.JUnitXMLReporter -->
<testsuite hostname="DESKTOP-648CC2F" ignored="0" name="Test2" tests="4" failures="0" timestamp="02 Oct 2018 14:41:02 GMT" time="0.043" errors="0">
  <testcase name="day6" time="0.007" classname="test.day3"/>
  <testcase name="Last" time="0.002" classname="test.day3"/>
  <testcase name="Mobileday4" time="0.001" classname="test.day3"/>
  <testcase name="day5" time="0.002" classname="test.day3"/>
</testsuite> <!-- Test2 -->
