<?xml version="1.0" encoding="UTF-8"?>
<testng-results skipped="0" failed="1" ignored="0" total="1" passed="0">
  <reporter-output>
  </reporter-output>
  <suite name="Default suite" duration-ms="47402" started-at="2018-10-02T16:24:34Z" finished-at="2018-10-02T16:25:21Z">
    <groups>
    </groups>
    <test name="Default test" duration-ms="47402" started-at="2018-10-02T16:24:34Z" finished-at="2018-10-02T16:25:21Z">
      <class name="test.login">
        <test-method status="FAIL" signature="logInToGmail()[pri:0, instance:test.login@4b9e13df]" name="logInToGmail" duration-ms="47374" started-at="2018-10-02T16:24:34Z" finished-at="2018-10-02T16:25:21Z">
          <exception class="org.openqa.selenium.WebDriverException">
            <message>
              <![CDATA[Failed to connect to binary FirefoxBinary(C:\Program Files (x86)\Mozilla Firefox\firefox.exe) on port 7055; process output follows: 
69addons.xpiDEBUGRegistering manifest for C:\Program Files (x86)\Mozilla Firefox\browser\features\firefox@getpocket.com.xpi
1538497477470addons.xpiDEBUGCalling bootstrap method startup on firefox@getpocket.com version 1.0.2
1538497477470addons.xpiDEBUGRegistering manifest for C:\Program Files (x86)\Mozilla Firefox\browser\features\loop@mozilla.org.xpi
1538497477471addons.xpiDEBUGCalling bootstrap method startup on loop@mozilla.org version 1.3.2
1538497477485addons.xpiDEBUGRegistering manifest for C:\Program Files (x86)\Mozilla Firefox\browser\features\websensehelper@mozilla.org.xpi
1538497477485addons.xpiDEBUGCalling bootstrap method startup on websensehelper@mozilla.org version 1.0
1538497477488addons.managerDEBUGRegistering shutdown blocker for XPIProvider
1538497477488addons.managerDEBUGProvider finished startup: XPIProvider
1538497477488addons.managerDEBUGStarting provider: LightweightThemeManager
1538497477489addons.managerDEBUGRegistering shutdown blocker for LightweightThemeManager
1538497477489addons.managerDEBUGProvider finished startup: LightweightThemeManager
1538497477489addons.managerDEBUGStarting provider: GMPProvider
1538497477493addons.managerDEBUGRegistering shutdown blocker for GMPProvider
1538497477493addons.managerDEBUGProvider finished startup: GMPProvider
1538497477494addons.managerDEBUGStarting provider: PluginProvider
1538497477494addons.managerDEBUGRegistering shutdown blocker for PluginProvider
1538497477494addons.managerDEBUGProvider finished startup: PluginProvider
1538497477494addons.managerDEBUGCompleted startup sequence
[GFX1]: Potential driver version mismatch ignored due to missing DLLs 0.0.0.0 and 0.0.0.0
1538497478854addons.managerDEBUGStarting provider: <unnamed-provider>
1538497478854addons.managerDEBUGRegistering shutdown blocker for <unnamed-provider>
1538497478854addons.managerDEBUGProvider finished startup: <unnamed-provider>
1538497479343DeferredSave.extensions.jsonDEBUGWrite succeeded
1538497479344addons.xpi-utilsDEBUGXPI Database saved, setting schema version preference to 17
1538497479344DeferredSave.extensions.jsonDEBUGStarting timer
1538497479358addons.repositoryDEBUGNo addons.json found.
1538497479358DeferredSave.addons.jsonDEBUGSave changes
1538497479360DeferredSave.addons.jsonDEBUGStarting timer
1538497479394addons.managerDEBUGStarting provider: PreviousExperimentProvider
1538497479394addons.managerDEBUGRegistering shutdown blocker for PreviousExperimentProvider
1538497479395addons.managerDEBUGProvider finished startup: PreviousExperimentProvider
1538497479400DeferredSave.extensions.jsonDEBUGStarting write
1538497479499DeferredSave.addons.jsonDEBUGStarting write
1538497479532DeferredSave.extensions.jsonDEBUGWrite succeeded
1538497479536DeferredSave.addons.jsonDEBUGWrite succeeded
1538497483460addons.xpiDEBUGCalling bootstrap method shutdown on e10srollout@mozilla.org version 1.0
1538497483460addons.xpiDEBUGCalling bootstrap method shutdown on firefox@getpocket.com version 1.0.2
1538497483461addons.xpiDEBUGCalling bootstrap method shutdown on loop@mozilla.org version 1.3.2
1538497483462addons.xpiDEBUGCalling bootstrap method shutdown on websensehelper@mozilla.org version 1.0
1538497483789addons.managerDEBUGshutdown
1538497483790addons.managerDEBUGCalling shutdown blocker for XPIProvider
1538497483790addons.xpiDEBUGshutdown
1538497483790addons.xpi-utilsDEBUGshutdown
1538497483790addons.managerDEBUGCalling shutdown blocker for LightweightThemeManager
1538497483791addons.managerDEBUGCalling shutdown blocker for GMPProvider
1538497483792addons.managerDEBUGCalling shutdown blocker for PluginProvider
1538497483792addons.managerDEBUGCalling shutdown blocker for <unnamed-provider>
1538497483793addons.managerDEBUGCalling shutdown blocker for PreviousExperimentProvider
1538497483795addons.xpiDEBUGNotifying XPI shutdown observers
1538497483797addons.managerDEBUGAsync provider shutdown done

Build info: version: '2.53.0', revision: '35ae25b', time: '2016-03-15 16:57:40'
System info: host: 'DESKTOP-648CC2F', ip: '192.168.189.1', os.name: 'Windows 10', os.arch: 'amd64', os.version: '10.0', java.version: '1.8.0_151'
Driver info: driver.version: FirefoxDriver]]>
            </message>
            <full-stacktrace>
              <![CDATA[org.openqa.selenium.WebDriverException: Failed to connect to binary FirefoxBinary(C:\Program Files (x86)\Mozilla Firefox\firefox.exe) on port 7055; process output follows: 
69addons.xpiDEBUGRegistering manifest for C:\Program Files (x86)\Mozilla Firefox\browser\features\firefox@getpocket.com.xpi
1538497477470addons.xpiDEBUGCalling bootstrap method startup on firefox@getpocket.com version 1.0.2
1538497477470addons.xpiDEBUGRegistering manifest for C:\Program Files (x86)\Mozilla Firefox\browser\features\loop@mozilla.org.xpi
1538497477471addons.xpiDEBUGCalling bootstrap method startup on loop@mozilla.org version 1.3.2
1538497477485addons.xpiDEBUGRegistering manifest for C:\Program Files (x86)\Mozilla Firefox\browser\features\websensehelper@mozilla.org.xpi
1538497477485addons.xpiDEBUGCalling bootstrap method startup on websensehelper@mozilla.org version 1.0
1538497477488addons.managerDEBUGRegistering shutdown blocker for XPIProvider
1538497477488addons.managerDEBUGProvider finished startup: XPIProvider
1538497477488addons.managerDEBUGStarting provider: LightweightThemeManager
1538497477489addons.managerDEBUGRegistering shutdown blocker for LightweightThemeManager
1538497477489addons.managerDEBUGProvider finished startup: LightweightThemeManager
1538497477489addons.managerDEBUGStarting provider: GMPProvider
1538497477493addons.managerDEBUGRegistering shutdown blocker for GMPProvider
1538497477493addons.managerDEBUGProvider finished startup: GMPProvider
1538497477494addons.managerDEBUGStarting provider: PluginProvider
1538497477494addons.managerDEBUGRegistering shutdown blocker for PluginProvider
1538497477494addons.managerDEBUGProvider finished startup: PluginProvider
1538497477494addons.managerDEBUGCompleted startup sequence
[GFX1]: Potential driver version mismatch ignored due to missing DLLs 0.0.0.0 and 0.0.0.0
1538497478854addons.managerDEBUGStarting provider: <unnamed-provider>
1538497478854addons.managerDEBUGRegistering shutdown blocker for <unnamed-provider>
1538497478854addons.managerDEBUGProvider finished startup: <unnamed-provider>
1538497479343DeferredSave.extensions.jsonDEBUGWrite succeeded
1538497479344addons.xpi-utilsDEBUGXPI Database saved, setting schema version preference to 17
1538497479344DeferredSave.extensions.jsonDEBUGStarting timer
1538497479358addons.repositoryDEBUGNo addons.json found.
1538497479358DeferredSave.addons.jsonDEBUGSave changes
1538497479360DeferredSave.addons.jsonDEBUGStarting timer
1538497479394addons.managerDEBUGStarting provider: PreviousExperimentProvider
1538497479394addons.managerDEBUGRegistering shutdown blocker for PreviousExperimentProvider
1538497479395addons.managerDEBUGProvider finished startup: PreviousExperimentProvider
1538497479400DeferredSave.extensions.jsonDEBUGStarting write
1538497479499DeferredSave.addons.jsonDEBUGStarting write
1538497479532DeferredSave.extensions.jsonDEBUGWrite succeeded
1538497479536DeferredSave.addons.jsonDEBUGWrite succeeded
1538497483460addons.xpiDEBUGCalling bootstrap method shutdown on e10srollout@mozilla.org version 1.0
1538497483460addons.xpiDEBUGCalling bootstrap method shutdown on firefox@getpocket.com version 1.0.2
1538497483461addons.xpiDEBUGCalling bootstrap method shutdown on loop@mozilla.org version 1.3.2
1538497483462addons.xpiDEBUGCalling bootstrap method shutdown on websensehelper@mozilla.org version 1.0
1538497483789addons.managerDEBUGshutdown
1538497483790addons.managerDEBUGCalling shutdown blocker for XPIProvider
1538497483790addons.xpiDEBUGshutdown
1538497483790addons.xpi-utilsDEBUGshutdown
1538497483790addons.managerDEBUGCalling shutdown blocker for LightweightThemeManager
1538497483791addons.managerDEBUGCalling shutdown blocker for GMPProvider
1538497483792addons.managerDEBUGCalling shutdown blocker for PluginProvider
1538497483792addons.managerDEBUGCalling shutdown blocker for <unnamed-provider>
1538497483793addons.managerDEBUGCalling shutdown blocker for PreviousExperimentProvider
1538497483795addons.xpiDEBUGNotifying XPI shutdown observers
1538497483797addons.managerDEBUGAsync provider shutdown done

Build info: version: '2.53.0', revision: '35ae25b', time: '2016-03-15 16:57:40'
System info: host: 'DESKTOP-648CC2F', ip: '192.168.189.1', os.name: 'Windows 10', os.arch: 'amd64', os.version: '10.0', java.version: '1.8.0_151'
Driver info: driver.version: FirefoxDriver
at org.openqa.selenium.firefox.internal.NewProfileExtensionConnection.start(NewProfileExtensionConnection.java:124)
at org.openqa.selenium.firefox.FirefoxDriver.startClient(FirefoxDriver.java:271)
at org.openqa.selenium.remote.RemoteWebDriver.<init>(RemoteWebDriver.java:119)
at org.openqa.selenium.firefox.FirefoxDriver.<init>(FirefoxDriver.java:218)
at org.openqa.selenium.firefox.FirefoxDriver.<init>(FirefoxDriver.java:211)
at org.openqa.selenium.firefox.FirefoxDriver.<init>(FirefoxDriver.java:207)
at org.openqa.selenium.firefox.FirefoxDriver.<init>(FirefoxDriver.java:120)
at test.login.logInToGmail(login.java:28)
at sun.reflect.NativeMethodAccessorImpl.invoke0(Native Method)
at sun.reflect.NativeMethodAccessorImpl.invoke(Unknown Source)
at sun.reflect.DelegatingMethodAccessorImpl.invoke(Unknown Source)
at java.lang.reflect.Method.invoke(Unknown Source)
at org.testng.internal.MethodInvocationHelper.invokeMethod(MethodInvocationHelper.java:124)
at org.testng.internal.Invoker.invokeMethod(Invoker.java:580)
at org.testng.internal.Invoker.invokeTestMethod(Invoker.java:716)
at org.testng.internal.Invoker.invokeTestMethods(Invoker.java:988)
at org.testng.internal.TestMethodWorker.invokeTestMethods(TestMethodWorker.java:125)
at org.testng.internal.TestMethodWorker.run(TestMethodWorker.java:109)
at org.testng.TestRunner.privateRun(TestRunner.java:648)
at org.testng.TestRunner.run(TestRunner.java:505)
at org.testng.SuiteRunner.runTest(SuiteRunner.java:455)
at org.testng.SuiteRunner.runSequentially(SuiteRunner.java:450)
at org.testng.SuiteRunner.privateRun(SuiteRunner.java:415)
at org.testng.SuiteRunner.run(SuiteRunner.java:364)
at org.testng.SuiteRunnerWorker.runSuite(SuiteRunnerWorker.java:52)
at org.testng.SuiteRunnerWorker.run(SuiteRunnerWorker.java:84)
at org.testng.TestNG.runSuitesSequentially(TestNG.java:1208)
at org.testng.TestNG.runSuitesLocally(TestNG.java:1137)
at org.testng.TestNG.runSuites(TestNG.java:1049)
at org.testng.TestNG.run(TestNG.java:1017)
at org.testng.remote.AbstractRemoteTestNG.run(AbstractRemoteTestNG.java:114)
at org.testng.remote.RemoteTestNG.initAndRun(RemoteTestNG.java:251)
at org.testng.remote.RemoteTestNG.main(RemoteTestNG.java:77)
Caused by: org.openqa.selenium.firefox.NotConnectedException: Unable to connect to host 127.0.0.1 on port 7055 after 45000 ms. Firefox console output:
69addons.xpiDEBUGRegistering manifest for C:\Program Files (x86)\Mozilla Firefox\browser\features\firefox@getpocket.com.xpi
1538497477470addons.xpiDEBUGCalling bootstrap method startup on firefox@getpocket.com version 1.0.2
1538497477470addons.xpiDEBUGRegistering manifest for C:\Program Files (x86)\Mozilla Firefox\browser\features\loop@mozilla.org.xpi
1538497477471addons.xpiDEBUGCalling bootstrap method startup on loop@mozilla.org version 1.3.2
1538497477485addons.xpiDEBUGRegistering manifest for C:\Program Files (x86)\Mozilla Firefox\browser\features\websensehelper@mozilla.org.xpi
1538497477485addons.xpiDEBUGCalling bootstrap method startup on websensehelper@mozilla.org version 1.0
1538497477488addons.managerDEBUGRegistering shutdown blocker for XPIProvider
1538497477488addons.managerDEBUGProvider finished startup: XPIProvider
1538497477488addons.managerDEBUGStarting provider: LightweightThemeManager
1538497477489addons.managerDEBUGRegistering shutdown blocker for LightweightThemeManager
1538497477489addons.managerDEBUGProvider finished startup: LightweightThemeManager
1538497477489addons.managerDEBUGStarting provider: GMPProvider
1538497477493addons.managerDEBUGRegistering shutdown blocker for GMPProvider
1538497477493addons.managerDEBUGProvider finished startup: GMPProvider
1538497477494addons.managerDEBUGStarting provider: PluginProvider
1538497477494addons.managerDEBUGRegistering shutdown blocker for PluginProvider
1538497477494addons.managerDEBUGProvider finished startup: PluginProvider
1538497477494addons.managerDEBUGCompleted startup sequence
[GFX1]: Potential driver version mismatch ignored due to missing DLLs 0.0.0.0 and 0.0.0.0
1538497478854addons.managerDEBUGStarting provider: <unnamed-provider>
1538497478854addons.managerDEBUGRegistering shutdown blocker for <unnamed-provider>
1538497478854addons.managerDEBUGProvider finished startup: <unnamed-provider>
1538497479343DeferredSave.extensions.jsonDEBUGWrite succeeded
1538497479344addons.xpi-utilsDEBUGXPI Database saved, setting schema version preference to 17
1538497479344DeferredSave.extensions.jsonDEBUGStarting timer
1538497479358addons.repositoryDEBUGNo addons.json found.
1538497479358DeferredSave.addons.jsonDEBUGSave changes
1538497479360DeferredSave.addons.jsonDEBUGStarting timer
1538497479394addons.managerDEBUGStarting provider: PreviousExperimentProvider
1538497479394addons.managerDEBUGRegistering shutdown blocker for PreviousExperimentProvider
1538497479395addons.managerDEBUGProvider finished startup: PreviousExperimentProvider
1538497479400DeferredSave.extensions.jsonDEBUGStarting write
1538497479499DeferredSave.addons.jsonDEBUGStarting write
1538497479532DeferredSave.extensions.jsonDEBUGWrite succeeded
1538497479536DeferredSave.addons.jsonDEBUGWrite succeeded
1538497483460addons.xpiDEBUGCalling bootstrap method shutdown on e10srollout@mozilla.org version 1.0
1538497483460addons.xpiDEBUGCalling bootstrap method shutdown on firefox@getpocket.com version 1.0.2
1538497483461addons.xpiDEBUGCalling bootstrap method shutdown on loop@mozilla.org version 1.3.2
1538497483462addons.xpiDEBUGCalling bootstrap method shutdown on websensehelper@mozilla.org version 1.0
1538497483789addons.managerDEBUGshutdown
1538497483790addons.managerDEBUGCalling shutdown blocker for XPIProvider
1538497483790addons.xpiDEBUGshutdown
1538497483790addons.xpi-utilsDEBUGshutdown
1538497483790addons.managerDEBUGCalling shutdown blocker for LightweightThemeManager
1538497483791addons.managerDEBUGCalling shutdown blocker for GMPProvider
1538497483792addons.managerDEBUGCalling shutdown blocker for PluginProvider
1538497483792addons.managerDEBUGCalling shutdown blocker for <unnamed-provider>
1538497483793addons.managerDEBUGCalling shutdown blocker for PreviousExperimentProvider
1538497483795addons.xpiDEBUGNotifying XPI shutdown observers
1538497483797addons.managerDEBUGAsync provider shutdown done

at org.openqa.selenium.firefox.internal.NewProfileExtensionConnection.start(NewProfileExtensionConnection.java:112)
... 32 more
]]>
            </full-stacktrace>
          </exception> <!-- org.openqa.selenium.WebDriverException -->
          <reporter-output>
          </reporter-output>
        </test-method> <!-- logInToGmail -->
      </class> <!-- test.login -->
    </test> <!-- Default test -->
  </suite> <!-- Default suite -->
</testng-results>
